<?xml version="1.0" encoding="UTF-8"?>
<!-- Generated by org.testng.reporters.JUnitReportReporter -->
<testsuite hostname="LAPTOP-5KMFOFH9" failures="0" tests="2" name="testngDemo.TestDemo1" time="0.002" errors="0" timestamp="2023-12-21T21:27:28 IST" skipped="0">
  <testcase classname="testngDemo.TestDemo1" name="testCase2" time="0.001"/>
  <system-out/>
  <testcase classname="testngDemo.TestDemo1" name="testCase1" time="0.001"/>
  <system-out/>
</testsuite> <!-- testngDemo.TestDemo1 -->
