<?xml version="1.0" encoding="UTF-8"?>
<!-- Generated by org.testng.reporters.JUnitReportReporter -->
<testsuite hostname="LAPTOP-5KMFOFH9" failures="0" tests="1" name="datadrivenTest.ExcelDataRead" time="0.995" errors="0" timestamp="2023-12-28T22:32:14 IST" skipped="0">
  <testcase classname="datadrivenTest.ExcelDataRead" name="dataRead" time="0.995"/>
  <system-out/>
</testsuite> <!-- datadrivenTest.ExcelDataRead -->
