<?xml version="1.0" encoding="UTF-8"?>
<!-- Generated by org.testng.reporters.JUnitReportReporter -->
<testsuite hostname="LAPTOP-5KMFOFH9" failures="0" tests="3" name="pageObjectModel.TestCases.LoginPageTest" time="1.816" errors="0" timestamp="2023-12-22T21:45:16 IST" skipped="0">
  <testcase classname="pageObjectModel.TestCases.LoginPageTest" name="verifyUrl" time="0.024"/>
  <system-out/>
  <testcase classname="pageObjectModel.TestCases.LoginPageTest" name="verifyTitle" time="0.015"/>
  <system-out/>
  <testcase classname="pageObjectModel.TestCases.LoginPageTest" name="verifyLogin" time="1.777"/>
  <system-out/>
</testsuite> <!-- pageObjectModel.TestCases.LoginPageTest -->
