<?xml version="1.0" encoding="UTF-8"?>
<!-- Generated by org.testng.reporters.JUnitReportReporter -->
<testsuite hostname="LAPTOP-5KMFOFH9" failures="0" tests="2" name="testngDemo.TestDisableFromExecution" time="0.016" errors="0" timestamp="2023-12-21T21:43:11 IST" skipped="1">
  <testcase classname="testngDemo.TestDisableFromExecution" name="testCase4" time="0.016"/>
  <system-out/>
  <testcase classname="testngDemo.TestDisableFromExecution" name="testCase3">
    <skipped/>
  </testcase> <!-- testCase3 -->
  <system-out/>
</testsuite> <!-- testngDemo.TestDisableFromExecution -->
