<?xml version="1.0" encoding="UTF-8"?>
<!-- Generated by org.testng.reporters.JUnitReportReporter -->
<testsuite hostname="LAPTOP-5KMFOFH9" failures="0" tests="1" name="testngDemo.PropertiesFileGoogleRead" time="3.621" errors="0" timestamp="2023-12-28T21:01:19 IST" skipped="0">
  <testcase classname="testngDemo.PropertiesFileGoogleRead" name="readFile" time="3.621"/>
  <system-out/>
</testsuite> <!-- testngDemo.PropertiesFileGoogleRead -->
