<?xml version="1.0" encoding="UTF-8"?>
<!-- Generated by org.testng.reporters.JUnitReportReporter -->
<testsuite hostname="LAPTOP-5KMFOFH9" failures="0" tests="3" name="parallel_CrossBrowserTest.ParallelWithMethod" time="18.472" errors="0" timestamp="2023-12-28T21:17:31 IST" skipped="0">
  <testcase classname="parallel_CrossBrowserTest.ParallelWithMethod" name="chromeTest" time="4.080"/>
  <system-out/>
  <testcase classname="parallel_CrossBrowserTest.ParallelWithMethod" name="firefoxTest" time="6.552"/>
  <system-out/>
  <testcase classname="parallel_CrossBrowserTest.ParallelWithMethod" name="edgeTest" time="7.840"/>
  <system-out/>
</testsuite> <!-- parallel_CrossBrowserTest.ParallelWithMethod -->
