<?xml version="1.0" encoding="UTF-8"?>
<!-- Generated by org.testng.reporters.JUnitReportReporter -->
<testsuite hostname="LAPTOP-5KMFOFH9" failures="0" tests="2" name="pageObjectModel.TestCases.NewLoginPageTest" time="0.585" errors="0" timestamp="2023-12-22T22:01:17 IST" skipped="0">
  <testcase classname="pageObjectModel.TestCases.NewLoginPageTest" name="verifyUrl" time="0.015"/>
  <system-out/>
  <testcase classname="pageObjectModel.TestCases.NewLoginPageTest" name="verifyLogin" time="0.570"/>
  <system-out/>
</testsuite> <!-- pageObjectModel.TestCases.NewLoginPageTest -->
