<?xml version="1.0" encoding="UTF-8"?>
<!-- Generated by org.testng.reporters.JUnitReportReporter -->
<testsuite hostname="LAPTOP-5KMFOFH9" failures="0" tests="3" name="testngDemo.AnnotationDemo" time="0.018" errors="0" timestamp="2023-12-21T22:12:17 IST" skipped="0">
  <testcase classname="testngDemo.AnnotationDemo" name="registerTest" time="0.013"/>
  <system-out/>
  <testcase classname="testngDemo.AnnotationDemo" name="loginTest" time="0.002"/>
  <system-out/>
  <testcase classname="testngDemo.AnnotationDemo" name="logoutTest" time="0.003"/>
  <system-out/>
</testsuite> <!-- testngDemo.AnnotationDemo -->
