<?xml version="1.0" encoding="UTF-8"?>
<!-- Generated by org.testng.reporters.JUnitReportReporter -->
<testsuite hostname="LAPTOP-5KMFOFH9" failures="0" tests="1" name="testngDemo.HrmDataPassingUsingXml" time="6.772" errors="0" timestamp="2023-12-28T20:34:57 IST" skipped="0">
  <testcase classname="testngDemo.HrmDataPassingUsingXml" name="loginTest" time="6.772"/>
  <system-out/>
</testsuite> <!-- testngDemo.HrmDataPassingUsingXml -->
