<?xml version="1.0" encoding="UTF-8"?>
<!-- Generated by org.testng.reporters.JUnitReportReporter -->
<testsuite hostname="LAPTOP-5KMFOFH9" failures="0" tests="1" name="testngDemo.TestDataUsingXml" time="0.014" errors="0" timestamp="2023-12-28T20:28:14 IST" skipped="0">
  <testcase classname="testngDemo.TestDataUsingXml" name="loginTest" time="0.014"/>
  <system-out/>
</testsuite> <!-- testngDemo.TestDataUsingXml -->
