<?xml version="1.0" encoding="UTF-8"?>
<!-- Generated by org.testng.reporters.JUnitReportReporter -->
<testsuite hostname="LAPTOP-5KMFOFH9" failures="0" tests="1" name="testngDemo.ScreenShotDemo" time="5.146" errors="0" timestamp="2023-12-26T22:25:42 IST" skipped="0">
  <testcase classname="testngDemo.ScreenShotDemo" name="capture" time="5.146"/>
  <system-out/>
</testsuite> <!-- testngDemo.ScreenShotDemo -->
