<?xml version="1.0" encoding="UTF-8"?>
<!-- Generated by org.testng.reporters.JUnitReportReporter -->
<testsuite hostname="LAPTOP-5KMFOFH9" failures="0" tests="1" name="parallel_CrossBrowserTest.Class2" time="5.956" errors="0" timestamp="2023-12-28T21:21:57 IST" skipped="0">
  <testcase classname="parallel_CrossBrowserTest.Class2" name="firefoxTest" time="5.956"/>
  <system-out/>
</testsuite> <!-- parallel_CrossBrowserTest.Class2 -->
