<?xml version="1.0" encoding="UTF-8"?>
<!-- Generated by org.testng.reporters.JUnitReportReporter -->
<testsuite hostname="LAPTOP-5KMFOFH9" failures="0" tests="4" name="datadrivenTest.UsingArray" time="0.011" errors="0" timestamp="2023-12-28T21:52:51 IST" skipped="0">
  <testcase classname="datadrivenTest.UsingArray" name="loginTest" time="0.001"/>
  <system-out/>
  <testcase classname="datadrivenTest.UsingArray" name="loginTest" time="0.001"/>
  <system-out/>
  <testcase classname="datadrivenTest.UsingArray" name="loginTest" time="0.001"/>
  <system-out/>
  <testcase classname="datadrivenTest.UsingArray" name="loginTest" time="0.008"/>
  <system-out/>
</testsuite> <!-- datadrivenTest.UsingArray -->
