<?xml version="1.0" encoding="UTF-8"?>
<!-- Generated by org.testng.reporters.JUnitReportReporter -->
<testsuite hostname="LAPTOP-5KMFOFH9" failures="0" tests="1" name="realTimeAnnotaionsUse.CMRTestBasic" time="7.040" errors="0" timestamp="2023-12-22T20:57:36 IST" skipped="0">
  <testcase classname="realTimeAnnotaionsUse.CMRTestBasic" name="crmTest" time="7.040"/>
  <system-out/>
</testsuite> <!-- realTimeAnnotaionsUse.CMRTestBasic -->
