<?xml version="1.0" encoding="UTF-8"?>
<!-- Generated by org.testng.reporters.JUnitReportReporter -->
<testsuite hostname="LAPTOP-5KMFOFH9" failures="0" tests="3" name="parallel_CrossBrowserTest.CrossBrowserTest" time="31.466" errors="0" timestamp="2023-12-28T21:31:13 IST" skipped="0">
  <testcase classname="parallel_CrossBrowserTest.CrossBrowserTest" name="browerTest" time="10.657"/>
  <system-out/>
  <testcase classname="parallel_CrossBrowserTest.CrossBrowserTest" name="browerTest" time="10.467"/>
  <system-out/>
  <testcase classname="parallel_CrossBrowserTest.CrossBrowserTest" name="browerTest" time="10.342"/>
  <system-out/>
</testsuite> <!-- parallel_CrossBrowserTest.CrossBrowserTest -->
