<?xml version="1.0" encoding="UTF-8"?>
<!-- Generated by org.testng.reporters.JUnitReportReporter -->
<testsuite hostname="LAPTOP-5KMFOFH9" failures="0" tests="3" name="testngDemo.GroupTestDemo" time="0.022" errors="0" timestamp="2023-12-21T21:53:47 IST" skipped="0">
  <testcase classname="testngDemo.GroupTestDemo" name="verifyLogin" time="0.019"/>
  <system-out/>
  <testcase classname="testngDemo.GroupTestDemo" name="verifyTitle" time="0.001"/>
  <system-out/>
  <testcase classname="testngDemo.GroupTestDemo" name="verifyLogout" time="0.002"/>
  <system-out/>
</testsuite> <!-- testngDemo.GroupTestDemo -->
