<?xml version="1.0" encoding="UTF-8"?>
<!-- Generated by org.testng.reporters.JUnitReportReporter -->
<testsuite hostname="LAPTOP-5KMFOFH9" failures="0" tests="3" name="testngDemo.TestDemo2" time="14.980" errors="0" timestamp="2023-12-21T21:27:28 IST" skipped="0">
  <testcase classname="testngDemo.TestDemo2" name="chromeTest" time="2.742"/>
  <system-out/>
  <testcase classname="testngDemo.TestDemo2" name="firefoxTest" time="5.569"/>
  <system-out/>
  <testcase classname="testngDemo.TestDemo2" name="edgeTest" time="6.669"/>
  <system-out/>
</testsuite> <!-- testngDemo.TestDemo2 -->
