<?xml version="1.0" encoding="UTF-8"?>
<!-- Generated by org.testng.reporters.JUnitReportReporter -->
<testsuite hostname="LAPTOP-5KMFOFH9" failures="0" tests="5" name="testngDemo.TestDemo4_InvocationCount" time="0.020" errors="0" timestamp="2023-12-21T21:27:28 IST" skipped="0">
  <testcase classname="testngDemo.TestDemo4_InvocationCount" name="enrollForTheCourse" time="0.014"/>
  <system-out/>
  <testcase classname="testngDemo.TestDemo4_InvocationCount" name="training" time="0.002"/>
  <system-out/>
  <testcase classname="testngDemo.TestDemo4_InvocationCount" name="palcementCall" time="0.002"/>
  <system-out/>
  <testcase classname="testngDemo.TestDemo4_InvocationCount" name="palcementCall" time="0.001"/>
  <system-out/>
  <testcase classname="testngDemo.TestDemo4_InvocationCount" name="palcementCall" time="0.001"/>
  <system-out/>
</testsuite> <!-- testngDemo.TestDemo4_InvocationCount -->
