<?xml version="1.0" encoding="UTF-8"?>
<!-- Generated by org.testng.reporters.JUnitReportReporter -->
<testsuite hostname="LAPTOP-5KMFOFH9" failures="0" tests="2" name="realTimeAnnotaionsUse.CRMTestCases" time="1.818" errors="0" timestamp="2023-12-22T21:09:10 IST" skipped="0">
  <testcase classname="realTimeAnnotaionsUse.CRMTestCases" name="signInlinkValidation" time="0.922"/>
  <system-out/>
  <testcase classname="realTimeAnnotaionsUse.CRMTestCases" name="loginValidation" time="0.896"/>
  <system-out/>
</testsuite> <!-- realTimeAnnotaionsUse.CRMTestCases -->
