<?xml version="1.0" encoding="UTF-8"?>
<!-- Generated by org.testng.reporters.JUnitReportReporter -->
<testsuite hostname="LAPTOP-5KMFOFH9" failures="0" tests="3" name="testngDemo.TestDemo2" time="29.978" errors="0" timestamp="2023-12-19T22:18:44 IST" skipped="0">
  <testcase classname="testngDemo.TestDemo2" name="chromeTest" time="6.656"/>
  <system-out/>
  <testcase classname="testngDemo.TestDemo2" name="firefoxTest" time="6.341"/>
  <system-out/>
  <testcase classname="testngDemo.TestDemo2" name="edgeTest" time="16.981"/>
  <system-out/>
</testsuite> <!-- testngDemo.TestDemo2 -->
