<?xml version="1.0" encoding="UTF-8"?>
<!-- Generated by org.testng.reporters.JUnitReportReporter -->
<testsuite hostname="LAPTOP-5KMFOFH9" failures="0" tests="2" name="testngDemo.AssertionInTestNG" time="0.014" errors="0" timestamp="2023-12-21T21:27:28 IST" skipped="0">
  <testcase classname="testngDemo.AssertionInTestNG" name="hardAssertionTest" time="0.007"/>
  <system-out/>
  <testcase classname="testngDemo.AssertionInTestNG" name="softAssertionTest" time="0.007"/>
  <system-out/>
</testsuite> <!-- testngDemo.AssertionInTestNG -->
